
---
To: johnsonjoel@bentonvillek12.org
From: johnsonjoel@bentonvillek12.org (Joel Johnosn)
Message:
Hello

---
To: johnsonjoel@bentonvillek12.org
From: vishu@gmail.com (Vishu)
Message:
Hi, please start using this website

---
To: johnsonjoel@bentonvillek12.org
From: johnsonfjoel@gmail.com (Joel Johnosn)
Message:
Bonjour!

---
To: johnsonjoel@bentonvillek12.org
From: spam@subto.one (Smaran)
Message:
Hello, Joel Johnson. How are you?

---
To: johnsonjoel@bentonvillek12.org
From: johnsonjoel@bentonvillek12.org (Vaibhav Sathish)
Message:
How are you doing today, your posture is very bad!

---
To: johnsonjoel@bentonvillek12.org
From: johnsonjoel@bentonvillek12.org (Joel Johnson)
Message:
Hello Gaman

---
To: johnsonjoel@bentonvillek12.org
From: blahblah@gmail.com (Shanyu)
Message:
I love you so much!
